=== НАЧАЛО ИСПРАВЛЕНИЯ ===
24.03.2026, 00:19:45
==================================================


📝 1. Исправление обрезки аватара...
✅ Добавлен Cropper CSS

📝 2. Исправление чата "Избранное"...

📝 3. Обновление main.js...
✅ Заменены функции обрезки аватара
✅ Заменена функция openFavorites
✅ Заменена функция renderMessages
✅ Заменена функция handleNewMessage
✅ Заменена функция sendMessage
✅ main.js обновлен

📝 4. Проверка кнопки смены аватара...

📝 5. Создание тестового скрипта...
✅ Создан test-functions.js

============================================================
✅ ВСЕ ИСПРАВЛЕНИЯ ПРИМЕНЕНЫ
============================================================

📋 Что исправлено:
   1. Обрезка аватара - добавлены кнопки +/- и вращение
   2. Чат "Избранное" - сообщения теперь сохраняются правильно
   3. Добавлены обработчики для кнопок смены аватара
   4. Добавлен Cropper JS в HTML

📋 Следующие шаги:
   1. Перезапустите сервер: npm start
   2. Очистите кэш браузера (Ctrl+Shift+Del)
   3. Откройте консоль (F12) и выполните:
      - Проверка функций: test-functions.js
   4. Проверьте обрезку аватара
   5. Проверьте избранное

