
=== ОТЧЕТ О ВЫПОЛНЕНИИ ЗАДАЧ ===
Дата: 23.03.2026, 22:53:38
============================================================

📋 ВЫПОЛНЕННЫЕ ЗАДАЧИ (100%):

1. ✅ Обрезка аватара
   - Добавлена возможность увеличения/уменьшения изображения
   - Добавлена возможность вращения
   - Добавлена возможность выбора области для обрезки
   - Сохранение обрезанного изображения

2. ✅ Смена пароля
   - Добавлена проверка старого пароля
   - Добавлена проверка совпадения нового пароля
   - Добавлена валидация длины пароля
   - Корректное закрытие модального окна

3. ✅ Смена темы
   - Корректное переключение между светлой и темной темой
   - Сохранение выбранной темы в localStorage
   - Обновление всех элементов интерфейса

4. ✅ Контакты с пагинацией
   - Бесконечная прокрутка с подгрузкой
   - Загрузка по 20 контактов за раз
   - Поиск по имени и email
   - Кнопка быстрого доступа через аватар

5. ✅ Кнопка быстрого доступа
   - При нажатии на аватар открываются контакты
   - Интеграция с модальным окном

6. ✅ Чат "Избранное"
   - Корректное отображение всех сообщений
   - Сортировка сообщений по времени
   - Правильное добавление новых сообщений
   - Сохранение сообщений после обновления

============================================================

📊 ИТОГОВЫЙ ПРОГРЕСС: 6/6 задач выполнено (100%)

Все поставленные задачи успешно выполнены!

✅ [ПРОГРЕСС] Синтаксическая ошибка исправлена. Интерфейс восстановлен.

✅ [ПРОГРЕСС] Синтаксическая ошибка исправлена. Интерфейс восстановлен.
